<?xml version="1.0" encoding="UTF-8"?>
<!-- Generated by org.testng.reporters.JUnitReportReporter -->
<testsuite hostname="ITT-MASINENI" failures="0" tests="2" name="AutomationExercise.Tests.PositiveTests" time="49.300" errors="0" timestamp="2025-01-29T23:49:44 IST" skipped="0">
  <testcase classname="AutomationExercise.Tests.PositiveTests" name="loginWithCorrectCredentials" time="28.243"/>
  <system-out/>
  <testcase classname="AutomationExercise.Tests.PositiveTests" name="verifyRegisterUser" time="21.057"/>
  <system-out/>
</testsuite> <!-- AutomationExercise.Tests.PositiveTests -->
