<?xml version="1.0" encoding="UTF-8"?>
<!-- Generated by org.testng.reporters.JUnitReportReporter -->
<testsuite hostname="ITT-MASINENI" failures="0" tests="1" name="AutomationExercise.Tests.PositiveTests" time="15.733" errors="0" timestamp="2025-01-23T02:09:49 IST" skipped="0">
  <testcase classname="AutomationExercise.Tests.PositiveTests" name="verifyRegisterUser" time="15.733"/>
</testsuite> <!-- AutomationExercise.Tests.PositiveTests -->
